# Logfile created on 2019-03-09 14:17:22 -0800 by logger.rb/66358
  INFO ---------------------------------------------------------------------------
  INFO START 2019-03-09 14:17:22 -0800 cap production deploy
  INFO ---------------------------------------------------------------------------
 DEBUG [f911e096] Running [ -d $HOME/.rbenv/versions/2.6.0 ] as rails@hydrogen.ekamai.net
 DEBUG [f911e096] Command: [ -d $HOME/.rbenv/versions/2.6.0 ]
 DEBUG [f6c66607] Finished in 1.193 seconds with exit status 0 (successful).
  INFO [df6a983a] Running /usr/bin/env mkdir -p /tmp as rails@hydrogen.ekamai.net
 DEBUG [df6a983a] Command: ( export RBENV_ROOT="$HOME/.rbenv" RBENV_VERSION="2.6.0" ; /usr/bin/env mkdir -p /tmp )
  INFO [4d2e1368] Finished in 0.148 seconds with exit status 0 (successful).
 DEBUG Uploading /tmp/git-ssh-wt_blog-production-timcase.sh 0.0%
  INFO Uploading /tmp/git-ssh-wt_blog-production-timcase.sh 100.0%
  INFO [f9928106] Running /usr/bin/env chmod 700 /tmp/git-ssh-wt_blog-production-timcase.sh as rails@hydrogen.ekamai.net
 DEBUG [f9928106] Command: ( export RBENV_ROOT="$HOME/.rbenv" RBENV_VERSION="2.6.0" ; /usr/bin/env chmod 700 /tmp/git-ssh-wt_blog-production-timcase.sh )
  INFO [3204b5e3] Finished in 0.146 seconds with exit status 0 (successful).
  INFO [ee59d417] Running /usr/bin/env git ls-remote git@github.com:timcase/wt_blog HEAD as rails@hydrogen.ekamai.net
 DEBUG [ee59d417] Command: ( export RBENV_ROOT="$HOME/.rbenv" RBENV_VERSION="2.6.0" GIT_ASKPASS="/bin/echo" GIT_SSH="/tmp/git-ssh-wt_blog-production-timcase.sh" ; /usr/bin/env git ls-remote git@github.com:timcase/wt_blog HEAD )
 DEBUG [34d878b6] 	8726d503b3e22b68228d07b84f0e57872d65d52e	HEAD
  INFO [34d878b6] Finished in 0.934 seconds with exit status 0 (successful).
  INFO [b403f0b6] Running /usr/bin/env mkdir -p /var/www/wt_blog/shared /var/www/wt_blog/releases as rails@hydrogen.ekamai.net
 DEBUG [b403f0b6] Command: ( export RBENV_ROOT="$HOME/.rbenv" RBENV_VERSION="2.6.0" ; /usr/bin/env mkdir -p /var/www/wt_blog/shared /var/www/wt_blog/releases )
  INFO [a7d865a3] Finished in 0.148 seconds with exit status 0 (successful).
  INFO [06a86b3f] Running /usr/bin/env mkdir -p /var/www/wt_blog/shared/.bundle as rails@hydrogen.ekamai.net
 DEBUG [06a86b3f] Command: ( export RBENV_ROOT="$HOME/.rbenv" RBENV_VERSION="2.6.0" ; /usr/bin/env mkdir -p /var/www/wt_blog/shared/.bundle )
  INFO [e599275c] Finished in 0.145 seconds with exit status 0 (successful).
 DEBUG [dcf8a3f8] Running [ -f /var/www/wt_blog/current/REVISION ] as rails@hydrogen.ekamai.net
 DEBUG [dcf8a3f8] Command: [ -f /var/www/wt_blog/current/REVISION ]
 DEBUG [6dacb3dc] Finished in 0.151 seconds with exit status 0 (successful).
 DEBUG [274e9b1f] Running /usr/bin/env cat /var/www/wt_blog/current/REVISION 2>/dev/null as rails@hydrogen.ekamai.net
 DEBUG [274e9b1f] Command: ( export RBENV_ROOT="$HOME/.rbenv" RBENV_VERSION="2.6.0" ; /usr/bin/env cat /var/www/wt_blog/current/REVISION 2>/dev/null )
 DEBUG [8e8039a8] 	7b9856cee5b18677e6cc3e3c23a30595c7b9461b
 DEBUG [8e8039a8] Finished in 0.234 seconds with exit status 0 (successful).
 DEBUG [f3257725] Running [ -f /var/www/wt_blog/repo/HEAD ] as rails@hydrogen.ekamai.net
 DEBUG [f3257725] Command: [ -f /var/www/wt_blog/repo/HEAD ]
 DEBUG [944a4f40] Finished in 0.142 seconds with exit status 0 (successful).
  INFO The repository mirror is at /var/www/wt_blog/repo
 DEBUG [5d802fa6] Running if test ! -d /var/www/wt_blog/repo; then echo "Directory does not exist '/var/www/wt_blog/repo'" 1>&2; false; fi as rails@hydrogen.ekamai.net
 DEBUG [5d802fa6] Command: if test ! -d /var/www/wt_blog/repo; then echo "Directory does not exist '/var/www/wt_blog/repo'" 1>&2; false; fi
 DEBUG [5245c6e2] Finished in 0.142 seconds with exit status 0 (successful).
  INFO [1aa1921d] Running /usr/bin/env git remote set-url origin git@github.com:timcase/wt_blog as rails@hydrogen.ekamai.net
 DEBUG [1aa1921d] Command: cd /var/www/wt_blog/repo && ( export RBENV_ROOT="$HOME/.rbenv" RBENV_VERSION="2.6.0" GIT_ASKPASS="/bin/echo" GIT_SSH="/tmp/git-ssh-wt_blog-production-timcase.sh" ; /usr/bin/env git remote set-url origin git@github.com:timcase/wt_blog )
  INFO [ab84c081] Finished in 0.152 seconds with exit status 0 (successful).
  INFO [a4bfd2fe] Running /usr/bin/env git remote update --prune as rails@hydrogen.ekamai.net
 DEBUG [a4bfd2fe] Command: cd /var/www/wt_blog/repo && ( export RBENV_ROOT="$HOME/.rbenv" RBENV_VERSION="2.6.0" GIT_ASKPASS="/bin/echo" GIT_SSH="/tmp/git-ssh-wt_blog-production-timcase.sh" ; /usr/bin/env git remote update --prune )
 DEBUG [de1edfaa] 	Fetching origin
 DEBUG [de1edfaa] 	warning: no common commits
 DEBUG [de1edfaa] 	From github.com:timcase/wt_blog
 DEBUG [de1edfaa] 	 + 7b9856c...8726d50 master     -> master  (forced update)
  INFO [de1edfaa] Finished in 1.762 seconds with exit status 0 (successful).
 DEBUG [9a515b6e] Running if test ! -d /var/www/wt_blog/repo; then echo "Directory does not exist '/var/www/wt_blog/repo'" 1>&2; false; fi as rails@hydrogen.ekamai.net
 DEBUG [9a515b6e] Command: if test ! -d /var/www/wt_blog/repo; then echo "Directory does not exist '/var/www/wt_blog/repo'" 1>&2; false; fi
 DEBUG [ee0c9d59] Finished in 0.076 seconds with exit status 0 (successful).
  INFO [23a2e6ec] Running /usr/bin/env mkdir -p /var/www/wt_blog/releases/20190309221725 as rails@hydrogen.ekamai.net
 DEBUG [23a2e6ec] Command: cd /var/www/wt_blog/repo && ( export RBENV_ROOT="$HOME/.rbenv" RBENV_VERSION="2.6.0" GIT_ASKPASS="/bin/echo" GIT_SSH="/tmp/git-ssh-wt_blog-production-timcase.sh" ; /usr/bin/env mkdir -p /var/www/wt_blog/releases/20190309221725 )
  INFO [fff772bf] Finished in 0.155 seconds with exit status 0 (successful).
  INFO [e52da0be] Running /usr/bin/env git archive master | /usr/bin/env tar -x -f - -C /var/www/wt_blog/releases/20190309221725 as rails@hydrogen.ekamai.net
 DEBUG [e52da0be] Command: cd /var/www/wt_blog/repo && ( export RBENV_ROOT="$HOME/.rbenv" RBENV_VERSION="2.6.0" GIT_ASKPASS="/bin/echo" GIT_SSH="/tmp/git-ssh-wt_blog-production-timcase.sh" ; /usr/bin/env git archive master | /usr/bin/env tar -x -f - -C /var/www/wt_blog/releases/20190309221725 )
  INFO [ecfdd5bb] Finished in 0.122 seconds with exit status 0 (successful).
 DEBUG [044f2928] Running if test ! -d /var/www/wt_blog/repo; then echo "Directory does not exist '/var/www/wt_blog/repo'" 1>&2; false; fi as rails@hydrogen.ekamai.net
 DEBUG [044f2928] Command: if test ! -d /var/www/wt_blog/repo; then echo "Directory does not exist '/var/www/wt_blog/repo'" 1>&2; false; fi
 DEBUG [d23fd6bb] Finished in 0.133 seconds with exit status 0 (successful).
 DEBUG [91730070] Running /usr/bin/env git rev-list --max-count=1 master as rails@hydrogen.ekamai.net
 DEBUG [91730070] Command: cd /var/www/wt_blog/repo && ( export RBENV_ROOT="$HOME/.rbenv" RBENV_VERSION="2.6.0" GIT_ASKPASS="/bin/echo" GIT_SSH="/tmp/git-ssh-wt_blog-production-timcase.sh" ; /usr/bin/env git rev-list --max-count=1 master )
 DEBUG [62360a0d] 	8726d503b3e22b68228d07b84f0e57872d65d52e
 DEBUG [62360a0d] Finished in 0.145 seconds with exit status 0 (successful).
 DEBUG [5889debf] Running if test ! -d /var/www/wt_blog/releases/20190309221725; then echo "Directory does not exist '/var/www/wt_blog/releases/20190309221725'" 1>&2; false; fi as rails@hydrogen.ekamai.net
 DEBUG [5889debf] Command: if test ! -d /var/www/wt_blog/releases/20190309221725; then echo "Directory does not exist '/var/www/wt_blog/releases/20190309221725'" 1>&2; false; fi
 DEBUG [0c45c04e] Finished in 0.156 seconds with exit status 0 (successful).
  INFO [38b09c71] Running /usr/bin/env echo "8726d503b3e22b68228d07b84f0e57872d65d52e" > REVISION as rails@hydrogen.ekamai.net
 DEBUG [38b09c71] Command: cd /var/www/wt_blog/releases/20190309221725 && ( export RBENV_ROOT="$HOME/.rbenv" RBENV_VERSION="2.6.0" ; /usr/bin/env echo "8726d503b3e22b68228d07b84f0e57872d65d52e" > REVISION )
  INFO [b707fc94] Finished in 0.141 seconds with exit status 0 (successful).
  INFO [962b6655] Running /usr/bin/env mkdir -p /var/www/wt_blog/releases/20190309221725 as rails@hydrogen.ekamai.net
 DEBUG [962b6655] Command: ( export RBENV_ROOT="$HOME/.rbenv" RBENV_VERSION="2.6.0" ; /usr/bin/env mkdir -p /var/www/wt_blog/releases/20190309221725 )
  INFO [28a77169] Finished in 0.090 seconds with exit status 0 (successful).
 DEBUG [f0cd634b] Running [ -L /var/www/wt_blog/releases/20190309221725/.bundle ] as rails@hydrogen.ekamai.net
 DEBUG [f0cd634b] Command: [ -L /var/www/wt_blog/releases/20190309221725/.bundle ]
 DEBUG [7c76738a] Finished in 0.159 seconds with exit status 1 (failed).
 DEBUG [c3f4eadc] Running [ -d /var/www/wt_blog/releases/20190309221725/.bundle ] as rails@hydrogen.ekamai.net
 DEBUG [c3f4eadc] Command: [ -d /var/www/wt_blog/releases/20190309221725/.bundle ]
 DEBUG [9c0070df] Finished in 0.134 seconds with exit status 0 (successful).
  INFO [2cc3a509] Running /usr/bin/env rm -rf /var/www/wt_blog/releases/20190309221725/.bundle as rails@hydrogen.ekamai.net
 DEBUG [2cc3a509] Command: ( export RBENV_ROOT="$HOME/.rbenv" RBENV_VERSION="2.6.0" ; /usr/bin/env rm -rf /var/www/wt_blog/releases/20190309221725/.bundle )
  INFO [3cdbb824] Finished in 0.148 seconds with exit status 0 (successful).
  INFO [049a490e] Running /usr/bin/env ln -s /var/www/wt_blog/shared/.bundle /var/www/wt_blog/releases/20190309221725/.bundle as rails@hydrogen.ekamai.net
 DEBUG [049a490e] Command: ( export RBENV_ROOT="$HOME/.rbenv" RBENV_VERSION="2.6.0" ; /usr/bin/env ln -s /var/www/wt_blog/shared/.bundle /var/www/wt_blog/releases/20190309221725/.bundle )
  INFO [66c0ee2d] Finished in 0.134 seconds with exit status 0 (successful).
 DEBUG [c7861406] Running if test ! -d /var/www/wt_blog/releases/20190309221725; then echo "Directory does not exist '/var/www/wt_blog/releases/20190309221725'" 1>&2; false; fi as rails@hydrogen.ekamai.net
 DEBUG [c7861406] Command: if test ! -d /var/www/wt_blog/releases/20190309221725; then echo "Directory does not exist '/var/www/wt_blog/releases/20190309221725'" 1>&2; false; fi
 DEBUG [3a1c7bac] Finished in 0.137 seconds with exit status 0 (successful).
 DEBUG [9aa591f2] Running $HOME/.rbenv/bin/rbenv exec bundle check --path /var/www/wt_blog/shared/bundle as rails@hydrogen.ekamai.net
 DEBUG [9aa591f2] Command: cd /var/www/wt_blog/releases/20190309221725 && ( export RBENV_ROOT="$HOME/.rbenv" RBENV_VERSION="2.6.0" ; $HOME/.rbenv/bin/rbenv exec bundle check --path /var/www/wt_blog/shared/bundle )
 DEBUG [a7b86453] 	Warning: the running version of Bundler (1.17.2) is older than the version that created the lockfile (1.17.3). We suggest you upgrade to the latest version of Bundler by running `gem install bundler`.
 DEBUG [a7b86453] 	The following gems are missing
 DEBUG [a7b86453] 	 * concurrent-ruby (1.1.3)
 DEBUG [a7b86453] 	 * i18n (0.9.5)
 DEBUG [a7b86453] 	 * minitest (5.11.3)
 DEBUG [a7b86453] 	 * thread_safe (0.3.6)
 DEBUG [a7b86453] 	 * tzinfo (1.2.5)
 DEBUG [a7b86453] 	 * activesupport (4.2.10)
 DEBUG [a7b86453] 	 * public_suffix (2.0.5)
 DEBUG [a7b86453] 	 * addressable (2.5.2)
 DEBUG [a7b86453] 	 * coffee-script-source (1.11.1)
 DEBUG [a7b86453] 	 * execjs (2.7.0)
 DEBUG [a7b86453] 	 * coffee-script (2.4.1)
 DEBUG [a7b86453] 	 * colorator (1.1.0)
 DEBUG [a7b86453] 	 * ruby-enum (0.7.2)
 DEBUG [a7b86453] 	 * commonmarker (0.17.13)
 DEBUG [a7b86453] 	 * dnsruby (1.61.2)
 DEBUG [a7b86453] 	 * eventmachine (1.2.7)
 DEBUG [a7b86453] 	 * http_parser.rb (0.6.0)
 DEBUG [a7b86453] 	 * em-websocket (0.5.1)
 DEBUG [a7b86453] 	 * ffi (1.9.25)
 DEBUG [a7b86453] 	 * ethon (0.11.0)
 DEBUG [a7b86453] 	 * multipart-post (2.0.0)
 DEBUG [a7b86453] 	 * faraday (0.15.3)
 DEBUG [a7b86453] 	 * forwardable-extended (2.6.0)
 DEBUG [a7b86453] 	 * gemoji (3.0.0)
 DEBUG [a7b86453] 	 * sawyer (0.8.1)
 DEBUG [a7b86453] 	 * octokit (4.13.0)
 DEBUG [a7b86453] 	 * typhoeus (1.3.1)
 DEBUG [a7b86453] 	 * github-pages-health-check (1.8.1)
 DEBUG [a7b86453] 	 * rb-fsevent (0.10.3)
 DEBUG [a7b86453] 	 * rb-inotify (0.9.10)
 DEBUG [a7b86453] 	 * sass-listen (4.0.0)
 DEBUG [a7b86453] 	 * sass (3.7.2)
 DEBUG [a7b86453] 	 * jekyll-sass-converter (1.5.2)
 DEBUG [a7b86453] 	 * ruby_dep (1.5.0)
 DEBUG [a7b86453] 	 * listen (3.1.5)
 DEBUG [a7b86453] 	 * jekyll-watch (2.1.2)
 DEBUG [a7b86453] 	 * kramdown (1.17.0)
 DEBUG [a7b86453] 	 * liquid (4.0.0)
 DEBUG [a7b86453] 	 * mercenary (0.3.6)
 DEBUG [a7b86453] 	 * pathutil (0.16.2)
 DEBUG [a7b86453] 	 * rouge (2.2.1)
 DEBUG [a7b86453] 	 * safe_yaml (1.0.4)
 DEBUG [a7b86453] 	 * jekyll (3.7.4)
 DEBUG [a7b86453] 	 * jekyll-avatar (0.6.0)
 DEBUG [a7b86453] 	 * jekyll-coffeescript (1.1.1)
 DEBUG [a7b86453] 	 * jekyll-commonmark (1.2.0)
 DEBUG [a7b86453] 	 * jekyll-commonmark-ghpages (0.1.5)
 DEBUG [a7b86453] 	 * jekyll-default-layout (0.1.4)
 DEBUG [a7b86453] 	 * jekyll-feed (0.11.0)
 DEBUG [a7b86453] 	 * jekyll-gist (1.5.0)
 DEBUG [a7b86453] 	 * jekyll-github-metadata (2.9.4)
 DEBUG [a7b86453] 	 * mini_portile2 (2.3.0)
 DEBUG [a7b86453] 	 * nokogiri (1.8.5)
 DEBUG [a7b86453] 	 * html-pipeline (2.9.1)
 DEBUG [a7b86453] 	 * jekyll-mentions (1.4.1)
 DEBUG [a7b86453] 	 * jekyll-optional-front-matter (0.3.0)
 DEBUG [a7b86453] 	 * jekyll-paginate (1.1.0)
 DEBUG [a7b86453] 	 * jekyll-readme-index (0.2.0)
 DEBUG [a7b86453] 	 * jekyll-redirect-from (0.14.0)
 DEBUG [a7b86453] 	 * jekyll-relative-links (0.5.3)
 DEBUG [a7b86453] 	 * rubyzip (1.2.2)
 DEBUG [a7b86453] 	 * jekyll-remote-theme (0.3.1)
 DEBUG [a7b86453] 	 * jekyll-seo-tag (2.5.0)
 DEBUG [a7b86453] 	 * jekyll-sitemap (1.2.0)
 DEBUG [a7b86453] 	 * jekyll-swiss (0.4.0)
 DEBUG [a7b86453] 	 * jekyll-theme-architect (0.1.1)
 DEBUG [a7b86453] 	 * jekyll-theme-cayman (0.1.1)
 DEBUG [a7b86453] 	 * jekyll-theme-dinky (0.1.1)
 DEBUG [a7b86453] 	 * jekyll-theme-hacker (0.1.1)
 DEBUG [a7b86453] 	 * jekyll-theme-leap-day (0.1.1)
 DEBUG [a7b86453] 	 * jekyll-theme-merlot (0.1.1)
 DEBUG [a7b86453] 	 * jekyll-theme-midnight (0.1.1)
 DEBUG [a7b86453] 	 * jekyll-theme-minimal (0.1.1)
 DEBUG [a7b86453] 	 * jekyll-theme-modernist (0.1.1)
 DEBUG [a7b86453] 	 * jekyll-theme-primer (0.5.3)
 DEBUG [a7b86453] 	 * jekyll-theme-slate (0.1.1)
 DEBUG [a7b86453] 	 * jekyll-theme-tactile (0.1.1)
 DEBUG [a7b86453] 	 * jekyll-theme-time-machine (0.1.1)
 DEBUG [a7b86453] 	 * jekyll-titles-from-headings (0.5.1)
 DEBUG [a7b86453] 	 * jemoji (0.10.1)
 DEBUG [a7b86453] 	 * minima (2.5.0)
 DEBUG [a7b86453] 	 * unicode-display_width (1.4.0)
 DEBUG [a7b86453] 	 * terminal-table (1.8.0)
 DEBUG [a7b86453] 	 * github-pages (193)
 DEBUG [a7b86453] 	Install missing gems with `bundle install`
 DEBUG [a7b86453] Finished in 0.892 seconds with exit status 1 (failed).
  INFO [75368ef4] Running $HOME/.rbenv/bin/rbenv exec bundle install --path /var/www/wt_blog/shared/bundle --jobs 4 --without development test --deployment --quiet as rails@hydrogen.ekamai.net
 DEBUG [75368ef4] Command: cd /var/www/wt_blog/releases/20190309221725 && ( export RBENV_ROOT="$HOME/.rbenv" RBENV_VERSION="2.6.0" ; $HOME/.rbenv/bin/rbenv exec bundle install --path /var/www/wt_blog/shared/bundle --jobs 4 --without development test --deployment --quiet )
  INFO [00c405f9] Finished in 119.533 seconds with exit status 0 (successful).
  INFO [6ae5f637] Running /usr/bin/env ln -s /var/www/wt_blog/releases/20190309221725 /var/www/wt_blog/releases/current as rails@hydrogen.ekamai.net
 DEBUG [6ae5f637] Command: ( export RBENV_ROOT="$HOME/.rbenv" RBENV_VERSION="2.6.0" ; /usr/bin/env ln -s /var/www/wt_blog/releases/20190309221725 /var/www/wt_blog/releases/current )
  INFO [015cba42] Finished in 0.161 seconds with exit status 0 (successful).
  INFO [159e8a52] Running /usr/bin/env mv /var/www/wt_blog/releases/current /var/www/wt_blog as rails@hydrogen.ekamai.net
 DEBUG [159e8a52] Command: ( export RBENV_ROOT="$HOME/.rbenv" RBENV_VERSION="2.6.0" ; /usr/bin/env mv /var/www/wt_blog/releases/current /var/www/wt_blog )
  INFO [1a581162] Finished in 0.180 seconds with exit status 0 (successful).
 DEBUG [20eb369e] Running if test ! -d /var/www/wt_blog/current; then echo "Directory does not exist '/var/www/wt_blog/current'" 1>&2; false; fi as rails@hydrogen.ekamai.net
 DEBUG [20eb369e] Command: if test ! -d /var/www/wt_blog/current; then echo "Directory does not exist '/var/www/wt_blog/current'" 1>&2; false; fi
 DEBUG [1b4d0649] Finished in 0.146 seconds with exit status 0 (successful).
  INFO [6cafaed6] Running cd /var/www/wt_blog/current && /home/rails/.rbenv/shims/bundle exec jekyll build as rails@hydrogen.ekamai.net
 DEBUG [6cafaed6] Command: cd /var/www/wt_blog/current && /home/rails/.rbenv/shims/bundle exec jekyll build
 DEBUG [df66c840] 	Configuration file: /var/www/wt_blog/releases/20190309221725/_config.yml
 DEBUG [df66c840] 	            Source: /var/www/wt_blog/releases/20190309221725
 DEBUG [df66c840] 	       Destination: /var/www/wt_blog/releases/20190309221725/_site
 DEBUG [df66c840] 	 Incremental build: disabled. Enable with --incremental
 DEBUG [df66c840] 	      Generating... 
 DEBUG [df66c840] 	                    done in 3.601 seconds.
 DEBUG [df66c840] 	 Auto-regeneration: disabled. Use --watch to enable.
  INFO [df66c840] Finished in 6.946 seconds with exit status 0 (successful).
 DEBUG [0ff44017] Running /usr/bin/env ls -x /var/www/wt_blog/releases as rails@hydrogen.ekamai.net
 DEBUG [0ff44017] Command: ( export RBENV_ROOT="$HOME/.rbenv" RBENV_VERSION="2.6.0" ; /usr/bin/env ls -x /var/www/wt_blog/releases )
 DEBUG [11bbb601] 	20190207155724	20190207155948	20190207160610	20190207161120	20190207161527
20190309221725
 DEBUG [11bbb601] Finished in 0.133 seconds with exit status 0 (successful).
  INFO Keeping 5 of 6 deployed releases on hydrogen.ekamai.net
 DEBUG [e6ddc789] Running [ -d /var/www/wt_blog/current ] as rails@hydrogen.ekamai.net
 DEBUG [e6ddc789] Command: [ -d /var/www/wt_blog/current ]
 DEBUG [df47744f] Finished in 0.156 seconds with exit status 0 (successful).
 DEBUG [d7bd0206] Running /usr/bin/env readlink /var/www/wt_blog/current as rails@hydrogen.ekamai.net
 DEBUG [d7bd0206] Command: ( export RBENV_ROOT="$HOME/.rbenv" RBENV_VERSION="2.6.0" ; /usr/bin/env readlink /var/www/wt_blog/current )
 DEBUG [7ae9ebb8] 	/var/www/wt_blog/releases/20190309221725
 DEBUG [7ae9ebb8] Finished in 0.159 seconds with exit status 0 (successful).
  INFO [92759a6d] Running /usr/bin/env rm -rf /var/www/wt_blog/releases/20190207155724 as rails@hydrogen.ekamai.net
 DEBUG [92759a6d] Command: ( export RBENV_ROOT="$HOME/.rbenv" RBENV_VERSION="2.6.0" ; /usr/bin/env rm -rf /var/www/wt_blog/releases/20190207155724 )
  INFO [420be8f0] Finished in 0.190 seconds with exit status 0 (successful).
 DEBUG [7b65261a] Running if test ! -d /var/www/wt_blog/releases; then echo "Directory does not exist '/var/www/wt_blog/releases'" 1>&2; false; fi as rails@hydrogen.ekamai.net
 DEBUG [7b65261a] Command: if test ! -d /var/www/wt_blog/releases; then echo "Directory does not exist '/var/www/wt_blog/releases'" 1>&2; false; fi
 DEBUG [6ce36681] Finished in 0.130 seconds with exit status 0 (successful).
  INFO [498fb3e8] Running /usr/bin/env echo "Branch master (at 8726d503b3e22b68228d07b84f0e57872d65d52e) deployed as release 20190309221725 by timcase" >> /var/www/wt_blog/revisions.log as rails@hydrogen.ekamai.net
 DEBUG [498fb3e8] Command: cd /var/www/wt_blog/releases && ( export RBENV_ROOT="$HOME/.rbenv" RBENV_VERSION="2.6.0" ; /usr/bin/env echo "Branch master (at 8726d503b3e22b68228d07b84f0e57872d65d52e) deployed as release 20190309221725 by timcase" >> /var/www/wt_blog/revisions.log )
  INFO [f6fcd60e] Finished in 0.131 seconds with exit status 0 (successful).
